<?xml version="1.0" encoding="UTF-8"?>
<testsuites>
  <testsuite name="color_palette" timestamp="2023-02-13T09:20:40Z" hostname="1902a3b74c9b" tests="2" skipped="0" failures="0" errors="0" time="0.074">
    <testcase time="0.01" classname="color_palette" name="color_palette_works_for_all_four_supported_palettes"/>
    <testcase time="0.064" classname="color_palette" name="color_palette_works_for_different_values_of_n"/>
  </testsuite>
  <testsuite name="theme_nest" timestamp="2023-02-13T09:20:41Z" hostname="1902a3b74c9b" tests="4" skipped="0" failures="0" errors="0" time="0.294">
    <testcase time="0.276" classname="theme_nest" name="theme_nest_does_not_throw"/>
    <testcase time="0.002" classname="theme_nest" name="theme_nest_does_not_throw_error_if_font_size_is_a_number"/>
    <testcase time="0.01" classname="theme_nest" name="theme_nest_gives_error_if_font_size_is_not_a_scalar_numeric_value"/>
    <testcase time="0.00599999999999989" classname="theme_nest" name="theme_nest_gives_error_if_font_size_is_not_a_scalar_numeric_value"/>
  </testsuite>
</testsuites>
