<?xml version="1.0" encoding="UTF-8"?>
<testsuites>
  <testsuite name="color_palette" timestamp="2023-04-13T11:50:15Z" hostname="cb7b0f85ac6b" tests="2" skipped="0" failures="0" errors="0" time="0.089">
    <testcase time="0.011" classname="color_palette" name="color_palette_works_for_all_four_supported_palettes"/>
    <testcase time="0.078" classname="color_palette" name="color_palette_works_for_different_values_of_n"/>
  </testsuite>
  <testsuite name="theme_nest" timestamp="2023-04-13T11:50:15Z" hostname="cb7b0f85ac6b" tests="4" skipped="0" failures="0" errors="0" time="0.32">
    <testcase time="0.301" classname="theme_nest" name="theme_nest_does_not_throw"/>
    <testcase time="0.003" classname="theme_nest" name="theme_nest_does_not_throw_error_if_font_size_is_a_number"/>
    <testcase time="0.01" classname="theme_nest" name="theme_nest_gives_error_if_font_size_is_not_a_scalar_numeric_value"/>
    <testcase time="0.00600000000000001" classname="theme_nest" name="theme_nest_gives_error_if_font_size_is_not_a_scalar_numeric_value"/>
  </testsuite>
</testsuites>
