<?xml version="1.0" encoding="UTF-8"?>
<testsuites>
  <testsuite name="color_palette" timestamp="2023-05-25T13:01:01Z" hostname="6b0cddb587c7" tests="2" skipped="0" failures="0" errors="0" time="0.157">
    <testcase time="0.111" classname="color_palette" name="color_palette_works_for_all_four_supported_palettes"/>
    <testcase time="0.046" classname="color_palette" name="color_palette_works_for_different_values_of_n"/>
  </testsuite>
  <testsuite name="theme_nest" timestamp="2023-05-25T13:01:01Z" hostname="6b0cddb587c7" tests="4" skipped="0" failures="0" errors="0" time="0.535">
    <testcase time="0.497" classname="theme_nest" name="theme_nest_does_not_throw"/>
    <testcase time="0.00600000000000001" classname="theme_nest" name="theme_nest_does_not_throw_error_if_font_size_is_a_number"/>
    <testcase time="0.0210000000000001" classname="theme_nest" name="theme_nest_gives_error_if_font_size_is_not_a_scalar_numeric_value"/>
    <testcase time="0.0109999999999999" classname="theme_nest" name="theme_nest_gives_error_if_font_size_is_not_a_scalar_numeric_value"/>
  </testsuite>
</testsuites>
